test_a : call : a : /Users/zthampi/Projects/track/source/a.py : 4
test_a : line : a : /Users/zthampi/Projects/track/source/a.py : 5
test_a : call : common : /Users/zthampi/Projects/track/source/common.py : 3
test_a : line : common : /Users/zthampi/Projects/track/source/common.py : 4
test_a : line : common : /Users/zthampi/Projects/track/source/common.py : 5
test_a : line : common : /Users/zthampi/Projects/track/source/common.py : 6
test_a : line : common : /Users/zthampi/Projects/track/source/common.py : 7
test_a : line : common : /Users/zthampi/Projects/track/source/common.py : 8
test_a : line : common : /Users/zthampi/Projects/track/source/common.py : 9
test_a : line : common : /Users/zthampi/Projects/track/source/common.py : 10
test_a : return : common : /Users/zthampi/Projects/track/source/common.py : 10
test_a : line : a : /Users/zthampi/Projects/track/source/a.py : 6
test_a : line : a : /Users/zthampi/Projects/track/source/a.py : 7
test_a : line : a : /Users/zthampi/Projects/track/source/a.py : 8
test_a : line : a : /Users/zthampi/Projects/track/source/a.py : 9
test_a : line : a : /Users/zthampi/Projects/track/source/a.py : 10
test_a : line : a : /Users/zthampi/Projects/track/source/a.py : 11
test_a : line : a : /Users/zthampi/Projects/track/source/a.py : 12
test_a : return : a : /Users/zthampi/Projects/track/source/a.py : 12
test_b : call : b : /Users/zthampi/Projects/track/source/b.py : 4
test_b : line : b : /Users/zthampi/Projects/track/source/b.py : 5
test_b : call : common : /Users/zthampi/Projects/track/source/common.py : 3
test_b : line : common : /Users/zthampi/Projects/track/source/common.py : 4
test_b : line : common : /Users/zthampi/Projects/track/source/common.py : 5
test_b : line : common : /Users/zthampi/Projects/track/source/common.py : 6
test_b : line : common : /Users/zthampi/Projects/track/source/common.py : 7
test_b : line : common : /Users/zthampi/Projects/track/source/common.py : 8
test_b : line : common : /Users/zthampi/Projects/track/source/common.py : 9
test_b : line : common : /Users/zthampi/Projects/track/source/common.py : 10
test_b : return : common : /Users/zthampi/Projects/track/source/common.py : 10
test_b : line : b : /Users/zthampi/Projects/track/source/b.py : 6
test_b : line : b : /Users/zthampi/Projects/track/source/b.py : 7
test_b : line : b : /Users/zthampi/Projects/track/source/b.py : 8
test_b : line : b : /Users/zthampi/Projects/track/source/b.py : 9
test_b : line : b : /Users/zthampi/Projects/track/source/b.py : 10
test_b : line : b : /Users/zthampi/Projects/track/source/b.py : 11
test_b : line : b : /Users/zthampi/Projects/track/source/b.py : 12
test_b : return : b : /Users/zthampi/Projects/track/source/b.py : 12
